<?xml version="1.0" encoding="UTF-8"?>
<!-- Generated by org.testng.reporters.JUnitXMLReporter -->
<testsuite ignored="1" hostname="CDWILT004" failures="0" tests="6" name="AuthenticationTest" time="15.136" errors="0" timestamp="2022-09-20T15:05:59 SGT">
  <testcase classname="webOfflineDeposit.FEOfflineDeposit" name="toSite" time="1.238"/>
  <testcase classname="webOfflineDeposit.FEOfflineDeposit" name="closeAnnouncement" time="0.05"/>
  <testcase classname="webOfflineDeposit.FEOfflineDeposit" name="login" time="3.579"/>
  <testcase classname="webOfflineDeposit.FEOfflineDeposit" name="toDepositPage" time="1.523"/>
  <testcase classname="webOfflineDeposit.FEOfflineDeposit" name="offlineDepositMethods" time="2.338"/>
  <testcase classname="webOfflineDeposit.FEOfflineDeposit" name="cancelOfflineDepositRequest" time="2.943"/>
  <testcase classname="webOfflineDeposit.FEOfflineDeposit" name="confirmOfflineDepositPaid" time="0.0">
    <ignored/>
  </testcase> <!-- confirmOfflineDepositPaid -->
</testsuite> <!-- AuthenticationTest -->
