<?xml version="1.0" encoding="UTF-8"?>
<!-- Generated by org.testng.reporters.JUnitXMLReporter -->
<testsuite ignored="2" hostname="CDWILT004" failures="0" tests="3" name="AuthenticationTest" time="42.074" errors="0" timestamp="2022-09-19T17:10:23 SGT">
  <testcase classname="webAuthentication.FrontEndAuthentication" name="toSite" time="1.327"/>
  <testcase classname="webAuthentication.FrontEndAuthentication" name="closeAnnouncement" time="0.062"/>
  <testcase classname="webAuthentication.FrontEndAuthentication" name="register" time="36.962"/>
  <testcase classname="webAuthentication.FrontEndAuthentication" name="login" time="0.0">
    <ignored/>
  </testcase> <!-- login -->
  <testcase classname="webAuthentication.FrontEndAuthentication" name="logout" time="0.0">
    <ignored/>
  </testcase> <!-- logout -->
</testsuite> <!-- AuthenticationTest -->
