<?xml version="1.0" encoding="UTF-8"?>
<!-- Generated by org.testng.reporters.JUnitXMLReporter -->
<testsuite ignored="0" hostname="CDWILT004" failures="0" tests="4" name="Automation-For-Web-QC Offline_Deposit" time="12.663" errors="0" timestamp="2022-08-24T11:43:17 SGT">
  <testcase classname="automations_WEB_Authentication.FE_Login" name="toSite" time="2.196"/>
  <testcase classname="automations_WEB_Authentication.FE_Login" name="closeAnnouncement" time="3.484">
    <skipped/>
  </testcase> <!-- closeAnnouncement -->
  <testcase classname="automations_WEB_Authentication.FE_Login" name="login" time="6.164"/>
  <testcase classname="automations_WEB_Authentication.FE_Login" name="closeAnnouncementAfterLogin" time="0.012">
    <skipped/>
  </testcase> <!-- closeAnnouncementAfterLogin -->
</testsuite> <!-- Automation-For-Web-QC Offline_Deposit -->
