<?xml version="1.0" encoding="UTF-8"?>
<!-- Generated by org.testng.reporters.JUnitXMLReporter -->
<testsuite ignored="1" hostname="DESKTOP-7UGQK8A" failures="0" tests="9" name="Offline_Deposit" time="34.327" errors="0" timestamp="2022-09-02T14:49:42 SGT">
  <testcase classname="webOfflineDeposit.FEOfflineDeposit" name="toSite" time="1.809"/>
  <testcase classname="webOfflineDeposit.FEOfflineDeposit" name="closeAnnouncement" time="2.974"/>
  <testcase classname="webOfflineDeposit.FEOfflineDeposit" name="login" time="1.163"/>
  <testcase classname="webOfflineDeposit.FEOfflineDeposit" name="toDepositPage" time="2.527"/>
  <testcase classname="webOfflineDeposit.FEOfflineDeposit" name="offlineDepositMethods" time="3.293"/>
  <testcase classname="webOfflineDeposit.FEOfflineDeposit" name="confirmOfflineDepositPaid" time="3.608"/>
  <testcase classname="webOfflineDeposit.FEOfflineDeposit" name="verifyOfflineDepositID" time="5.539"/>
  <testcase classname="webOfflineDeposit.FEOfflineDeposit" name="loginBOPage" time="2.7"/>
  <testcase classname="webOfflineDeposit.FEOfflineDeposit" name="offlineDepositVerification" time="7.899"/>
  <testcase classname="webOfflineDeposit.FEOfflineDeposit" name="cancelOfflineDepositRequest" time="0.0">
    <ignored/>
  </testcase> <!-- cancelOfflineDepositRequest -->
</testsuite> <!-- Offline_Deposit -->
