<?xml version="1.0" encoding="UTF-8"?>
<!-- Generated by org.testng.reporters.JUnitXMLReporter -->
<testsuite ignored="1" hostname="CDWILT004" failures="0" tests="9" name="Offline_Deposit" time="45.894" errors="0" timestamp="2022-08-25T14:10:38 SGT">
  <testcase classname="automation_WEB_Deposit.FE_OfflineDeposit" name="toSite" time="4.49"/>
  <testcase classname="automation_WEB_Deposit.FE_OfflineDeposit" name="closeAnnouncement" time="3.592">
    <skipped/>
  </testcase> <!-- closeAnnouncement -->
  <testcase classname="automation_WEB_Deposit.FE_OfflineDeposit" name="login" time="5.872"/>
  <testcase classname="automation_WEB_Deposit.FE_OfflineDeposit" name="depositPage" time="1.306"/>
  <testcase classname="automation_WEB_Deposit.FE_OfflineDeposit" name="offlineDepositMethods" time="6.268"/>
  <testcase classname="automation_WEB_Deposit.FE_OfflineDeposit" name="confirmOfflineDepositPaid" time="1.462"/>
  <testcase classname="automation_WEB_Deposit.FE_OfflineDeposit" name="loginBOPage" time="4.602"/>
  <testcase classname="automation_WEB_Deposit.FE_OfflineDeposit" name="offlineDepositVerification" time="6.034"/>
  <testcase classname="automation_WEB_Deposit.FE_OfflineDeposit" name="offlineDepositVerificationFEWalletHistory" time="10.54"/>
  <testcase classname="automation_WEB_Deposit.FE_OfflineDeposit" name="cancelOfflineDepositRequest" time="0.0">
    <ignored/>
  </testcase> <!-- cancelOfflineDepositRequest -->
</testsuite> <!-- Offline_Deposit -->
