<?xml version="1.0" encoding="UTF-8"?>
<!-- Generated by org.testng.reporters.JUnitXMLReporter -->
<testsuite ignored="0" hostname="CDWILT004" failures="0" tests="5" name="Default test" time="37.17" errors="0" timestamp="2022-08-25T18:10:04 SGT">
  <testcase classname="automation_WEB_Withdraw.FE_Withdraw" name="toSite" time="4.593"/>
  <testcase classname="automation_WEB_Withdraw.FE_Withdraw" name="closeAnnouncement" time="0.069">
    <skipped/>
  </testcase> <!-- closeAnnouncement -->
  <testcase classname="automation_WEB_Withdraw.FE_Withdraw" name="login" time="6.251"/>
  <testcase classname="automation_WEB_Withdraw.FE_Withdraw" name="withdrawPage" time="1.369"/>
  <testcase classname="automation_WEB_Withdraw.FE_Withdraw" name="withdrawMethods" time="19.911"/>
</testsuite> <!-- Default test -->
