<?xml version="1.0" encoding="UTF-8"?>
<!-- Generated by org.testng.reporters.JUnitXMLReporter -->
<testsuite ignored="0" hostname="CDWILT004" failures="0" tests="7" name="Default test" time="23.432" errors="0" timestamp="2022-08-19T17:24:31 SGT">
  <testcase classname="automations_WEB.FE_Offline_Deposit_Site" name="openBrowserToSite" time="5.125"/>
  <testcase classname="automations_WEB.FE_Offline_Deposit_Site" name="selectLoginOption" time="0.119"/>
  <testcase classname="automations_WEB.FE_Offline_Deposit_Site" name="fillInLoginDataAndLogin" time="3.355"/>
  <testcase classname="automations_WEB.FE_Offline_Deposit_Site" name="toDepositPage" time="3.564"/>
  <testcase classname="automations_WEB.FE_Offline_Deposit_Site" name="fillInOfflineDepositPageData" time="3.199"/>
  <testcase classname="automations_WEB.FE_Offline_Deposit_Site" name="confirmOfflineDepositPaid" time="2.5"/>
  <testcase classname="automations_WEB.FE_Offline_Deposit_Site" name="cancelOfflineDepositRequest" time="1.863"/>
</testsuite> <!-- Default test -->
