<?xml version="1.0" encoding="UTF-8"?>
<!-- Generated by org.testng.reporters.JUnitXMLReporter -->
<testsuite ignored="2" hostname="CDWILT004" failures="0" tests="3" name="Authentication Test" time="13.161" errors="0" timestamp="2022-08-26T18:02:40 SGT">
  <testcase classname="webAuthentication.FrontEndAuthentication" name="toSite" time="2.325"/>
  <testcase classname="webAuthentication.FrontEndAuthentication" name="closeAnnouncement" time="3.383"/>
  <testcase classname="webAuthentication.FrontEndAuthentication" name="login" time="3.629"/>
  <testcase classname="webAuthentication.FrontEndAuthentication" name="register" time="0.0">
    <ignored/>
  </testcase> <!-- register -->
  <testcase classname="webAuthentication.FrontEndAuthentication" name="logout" time="0.0">
    <ignored/>
  </testcase> <!-- logout -->
</testsuite> <!-- Authentication Test -->
