<?xml version="1.0" encoding="UTF-8"?>
<!-- Generated by org.testng.reporters.JUnitXMLReporter -->
<testsuite ignored="1" hostname="DESKTOP-7UGQK8A" failures="0" tests="4" name="Authentication Test" time="20.043" errors="0" timestamp="2022-08-30T11:47:00 SGT">
  <testcase classname="webAuthentication.FrontEndAuthentication" name="toSite" time="7.074"/>
  <testcase classname="webAuthentication.FrontEndAuthentication" name="closeAnnouncement" time="3.669"/>
  <testcase classname="webAuthentication.FrontEndAuthentication" name="login" time="3.766"/>
  <testcase classname="webAuthentication.FrontEndAuthentication" name="logout" time="3.14"/>
  <testcase classname="webAuthentication.FrontEndAuthentication" name="register" time="0.0">
    <ignored/>
  </testcase> <!-- register -->
</testsuite> <!-- Authentication Test -->
