<?xml version="1.0" encoding="UTF-8"?>
<!-- Generated by org.testng.reporters.JUnitXMLReporter -->
<testsuite ignored="0" hostname="CDWILT004" failures="0" tests="4" name="Automation-For-Web-QC Offline_Deposit" time="14.597" errors="0" timestamp="2022-08-24T11:53:02 SGT">
  <testcase classname="automations_WEB_Authentication.FE_Login" name="toSite" time="3.241"/>
  <testcase classname="automations_WEB_Authentication.FE_Login" name="closeAnnouncement" time="4.475">
    <skipped/>
  </testcase> <!-- closeAnnouncement -->
  <testcase classname="automations_WEB_Authentication.FE_Login" name="login" time="6.048"/>
  <testcase classname="automations_WEB_Authentication.FE_Login" name="closeAnnouncementAfterLogin" time="0.015">
    <skipped/>
  </testcase> <!-- closeAnnouncementAfterLogin -->
</testsuite> <!-- Automation-For-Web-QC Offline_Deposit -->
