<?xml version="1.0" encoding="UTF-8"?>
<!-- Generated by org.testng.reporters.JUnitXMLReporter -->
<testsuite ignored="0" hostname="DESKTOP-7UGQK8A" failures="0" tests="5" name="Automation-For-Web-QC Login-Logout-Register" time="15.008" errors="0" timestamp="2022-08-23T22:17:44 SGT">
  <testcase classname="automations_WEB_Authentication.FE_Login" name="toSite" time="2.401"/>
  <testcase classname="automations_WEB_Authentication.FE_Login" name="closeAnnouncement" time="0.017">
    <skipped/>
  </testcase> <!-- closeAnnouncement -->
  <testcase classname="automations_WEB_Authentication.FE_Login" name="login" time="6.838"/>
  <testcase classname="automations_WEB_Authentication.FE_Login" name="closeAnnouncementAfterLogin" time="0.007">
    <skipped/>
  </testcase> <!-- closeAnnouncementAfterLogin -->
  <testcase classname="automations_WEB_Authentication.FE_Logout" name="logout" time="4.5"/>
</testsuite> <!-- Automation-For-Web-QC Login-Logout-Register -->
