<?xml version="1.0" encoding="UTF-8"?>
<!-- Generated by org.testng.reporters.JUnitXMLReporter -->
<testsuite ignored="1" hostname="CDWILT004" failures="0" tests="5" name="Automation-For-Web-QC Login-Logout-Register" time="1.869" errors="0" timestamp="2022-08-24T15:00:57 SGT">
  <testcase classname="automations_WEB_Authentication.FE_Authentication" name="@AfterMethod logCaseStatus" time="0.007">
    <failure type="java.lang.NullPointerException" message="Cannot invoke &amp;quot;com.aventstack.extentreports.ExtentTest.pass(String)&amp;quot; because the return value of &amp;quot;utilities.CreateReport.getExtentTest()&amp;quot; is null">
      <![CDATA[java.lang.NullPointerException: Cannot invoke "com.aventstack.extentreports.ExtentTest.pass(String)" because the return value of "utilities.CreateReport.getExtentTest()" is null
at utilities.ResultListener.caseLogging(ResultListener.java:23)
at automations_WEB_Authentication.FE_Authentication.logCaseStatus(FE_Authentication.java:140)
at java.base/java.util.ArrayList.forEach(ArrayList.java:1511)
at java.base/java.util.concurrent.FutureTask.run(FutureTask.java:264)
at java.base/java.util.concurrent.ThreadPoolExecutor.runWorker(ThreadPoolExecutor.java:1136)
at java.base/java.util.concurrent.ThreadPoolExecutor$Worker.run(ThreadPoolExecutor.java:635)
at java.base/java.lang.Thread.run(Thread.java:833)
... Removed 23 stack frames]]>
    </failure>
  </testcase> <!-- @AfterMethod logCaseStatus -->
  <testcase classname="automations_WEB_Authentication.FE_Authentication" name="@AfterMethod logCaseStatus" time="-1.661324457306E9">
    <skipped/>
  </testcase> <!-- @AfterMethod logCaseStatus -->
  <testcase classname="automations_WEB_Authentication.FE_Authentication" name="@AfterClass endReport" time="-1.661324457322E9">
    <skipped/>
  </testcase> <!-- @AfterClass endReport -->
  <testcase classname="automations_WEB_Authentication.FE_Authentication" name="setReport" time="1.797"/>
  <testcase classname="automations_WEB_Authentication.FE_Authentication" name="toSite" time="0.0">
    <skipped/>
  </testcase> <!-- toSite -->
  <testcase classname="automations_WEB_Authentication.FE_Authentication" name="closeAnnouncement" time="0.0">
    <skipped/>
  </testcase> <!-- closeAnnouncement -->
  <testcase classname="automations_WEB_Authentication.FE_Authentication" name="login" time="0.0">
    <skipped/>
  </testcase> <!-- login -->
  <testcase classname="automations_WEB_Authentication.FE_Authentication" name="logout" time="0.0">
    <skipped/>
  </testcase> <!-- logout -->
  <testcase classname="automations_WEB_Authentication.FE_Authentication" name="register" time="0.0">
    <ignored/>
  </testcase> <!-- register -->
</testsuite> <!-- Automation-For-Web-QC Login-Logout-Register -->
