<?xml version="1.0" encoding="UTF-8"?>
<!-- Generated by org.testng.reporters.JUnitXMLReporter -->
<testsuite ignored="0" hostname="CDWILT004" failures="0" tests="5" name="Automation-For-Web-QC" time="10.495" errors="0" timestamp="2022-08-19T12:22:39 SGT">
  <testcase classname="automations_WEB_BO.WEB_Offline_Deposit_Approve_BO" name="OpenBrowserToSite" time="2.325"/>
  <testcase classname="automations_WEB_BO.WEB_Offline_Deposit_Approve_BO" name="FillInLoginDetails" time="0.336"/>
  <testcase classname="automations_WEB_BO.WEB_Offline_Deposit_Approve_BO" name="VerifyLogin" time="1.94"/>
  <testcase classname="automations_WEB_BO.WEB_Offline_Deposit_Approve_BO" name="ToOfflineDepositApproval" time="0.26"/>
  <testcase classname="automations_WEB_BO.WEB_Offline_Deposit_Approve_BO" name="FilterUserIDToApprove" time="1.971"/>
</testsuite> <!-- Automation-For-Web-QC -->
