<?xml version="1.0" encoding="UTF-8"?>
<!-- Generated by org.testng.reporters.JUnitXMLReporter -->
<testsuite ignored="0" hostname="CDWILT004" failures="0" tests="3" name="Automation-For-Web-QC" time="12.79" errors="0" timestamp="2022-08-16T17:59:56 SGT">
  <testcase classname="automations_WEB.WEB_Login_Site" name="OpenBrowserToSite" time="4.747"/>
  <testcase classname="automations_WEB.WEB_Login_Site" name="ClickLoginOptionButton" time="1.136"/>
  <testcase classname="automations_WEB.WEB_Login_Site" name="EnterLoginData" time="3.429"/>
</testsuite> <!-- Automation-For-Web-QC -->
