<?xml version="1.0" encoding="UTF-8"?>
<!-- Generated by org.testng.reporters.JUnitXMLReporter -->
<testsuite ignored="0" hostname="DESKTOP-7UGQK8A" failures="0" tests="2" name="Automation-For-Web-QC Register" time="24.667" errors="0" timestamp="2022-08-23T23:20:48 SGT">
  <testcase classname="automations_WEB_Authentication.FE_Register" name="register" time="9.069"/>
  <testcase classname="automations_WEB_Authentication.FE_Register" name="closeAnnouncement" time="15.052">
    <skipped/>
  </testcase> <!-- closeAnnouncement -->
</testsuite> <!-- Automation-For-Web-QC Register -->
