<?xml version="1.0" encoding="UTF-8"?>
<!-- Generated by org.testng.reporters.JUnitXMLReporter -->
<testsuite ignored="1" hostname="CDWILT004" failures="0" tests="8" name="Automation-For-Web-QC Offline-Deposit" time="0.997" errors="0" timestamp="2022-08-24T15:00:58 SGT">
  <testcase classname="automation_WEB_Deposit.FE_OfflineDeposit" name="@AfterMethod logCaseStatus" time="0.0">
    <failure type="java.lang.NullPointerException" message="Cannot invoke &amp;quot;com.aventstack.extentreports.ExtentTest.pass(String)&amp;quot; because the return value of &amp;quot;utilities.CreateReport.getExtentTest()&amp;quot; is null">
      <![CDATA[java.lang.NullPointerException: Cannot invoke "com.aventstack.extentreports.ExtentTest.pass(String)" because the return value of "utilities.CreateReport.getExtentTest()" is null
at utilities.ResultListener.caseLogging(ResultListener.java:23)
at automation_WEB_Deposit.FE_OfflineDeposit.logCaseStatus(FE_OfflineDeposit.java:150)
at java.base/java.util.ArrayList.forEach(ArrayList.java:1511)
at java.base/java.util.concurrent.FutureTask.run(FutureTask.java:264)
at java.base/java.util.concurrent.ThreadPoolExecutor.runWorker(ThreadPoolExecutor.java:1136)
at java.base/java.util.concurrent.ThreadPoolExecutor$Worker.run(ThreadPoolExecutor.java:635)
at java.base/java.lang.Thread.run(Thread.java:833)
... Removed 23 stack frames]]>
    </failure>
  </testcase> <!-- @AfterMethod logCaseStatus -->
  <testcase classname="automation_WEB_Deposit.FE_OfflineDeposit" name="@AfterMethod logCaseStatus" time="-1.661324458329E9">
    <skipped/>
  </testcase> <!-- @AfterMethod logCaseStatus -->
  <testcase classname="automation_WEB_Deposit.FE_OfflineDeposit" name="@AfterMethod logCaseStatus" time="-1.66132445834E9">
    <skipped/>
  </testcase> <!-- @AfterMethod logCaseStatus -->
  <testcase classname="automation_WEB_Deposit.FE_OfflineDeposit" name="setReport" time="0.953"/>
  <testcase classname="automation_WEB_Deposit.FE_OfflineDeposit" name="shutDown" time="0.0">
    <skipped/>
  </testcase> <!-- shutDown -->
  <testcase classname="automation_WEB_Deposit.FE_OfflineDeposit" name="toSite" time="0.0">
    <skipped/>
  </testcase> <!-- toSite -->
  <testcase classname="automation_WEB_Deposit.FE_OfflineDeposit" name="closeAnnouncement" time="0.0">
    <skipped/>
  </testcase> <!-- closeAnnouncement -->
  <testcase classname="automation_WEB_Deposit.FE_OfflineDeposit" name="login" time="0.0">
    <skipped/>
  </testcase> <!-- login -->
  <testcase classname="automation_WEB_Deposit.FE_OfflineDeposit" name="depositPage" time="0.0">
    <skipped/>
  </testcase> <!-- depositPage -->
  <testcase classname="automation_WEB_Deposit.FE_OfflineDeposit" name="offlineDepositMethods" time="0.0">
    <skipped/>
  </testcase> <!-- offlineDepositMethods -->
  <testcase classname="automation_WEB_Deposit.FE_OfflineDeposit" name="confirmOfflineDepositPaid" time="0.0">
    <skipped/>
  </testcase> <!-- confirmOfflineDepositPaid -->
  <testcase classname="automation_WEB_Deposit.FE_OfflineDeposit" name="cancelOfflineDepositRequest" time="0.0">
    <ignored/>
  </testcase> <!-- cancelOfflineDepositRequest -->
</testsuite> <!-- Automation-For-Web-QC Offline-Deposit -->
