<?xml version="1.0" encoding="UTF-8"?>
<!-- Generated by org.testng.reporters.JUnitXMLReporter -->
<testsuite ignored="0" hostname="DESKTOP-7UGQK8A" failures="0" tests="5" name="Automation-For-Web-QC Login-Logout" time="13.894" errors="0" timestamp="2022-08-23T23:20:23 SGT">
  <testcase classname="automations_WEB_Authentication.FE_Login" name="toSite" time="2.981"/>
  <testcase classname="automations_WEB_Authentication.FE_Login" name="closeAnnouncement" time="0.018">
    <skipped/>
  </testcase> <!-- closeAnnouncement -->
  <testcase classname="automations_WEB_Authentication.FE_Login" name="login" time="5.96"/>
  <testcase classname="automations_WEB_Authentication.FE_Login" name="closeAnnouncementAfterLogin" time="0.007">
    <skipped/>
  </testcase> <!-- closeAnnouncementAfterLogin -->
  <testcase classname="automations_WEB_Authentication.FE_Logout" name="logout" time="3.698"/>
</testsuite> <!-- Automation-For-Web-QC Login-Logout -->
