<?xml version="1.0" encoding="UTF-8"?>
<!-- Generated by org.testng.reporters.JUnitXMLReporter -->
<testsuite ignored="1" hostname="CDWILT004" failures="0" tests="6" name="Test" time="23.389" errors="0" timestamp="2022-08-24T15:13:58 SGT">
  <testcase classname="automation_WEB_Deposit.FE_OfflineDeposit" name="toSite" time="4.629"/>
  <testcase classname="automation_WEB_Deposit.FE_OfflineDeposit" name="closeAnnouncement" time="3.498">
    <skipped/>
  </testcase> <!-- closeAnnouncement -->
  <testcase classname="automation_WEB_Deposit.FE_OfflineDeposit" name="login" time="5.787"/>
  <testcase classname="automation_WEB_Deposit.FE_OfflineDeposit" name="depositPage" time="1.289"/>
  <testcase classname="automation_WEB_Deposit.FE_OfflineDeposit" name="offlineDepositMethods" time="4.036"/>
  <testcase classname="automation_WEB_Deposit.FE_OfflineDeposit" name="confirmOfflineDepositPaid" time="1.271"/>
  <testcase classname="automation_WEB_Deposit.FE_OfflineDeposit" name="cancelOfflineDepositRequest" time="0.0">
    <ignored/>
  </testcase> <!-- cancelOfflineDepositRequest -->
</testsuite> <!-- Test -->
