<?xml version="1.0" encoding="UTF-8"?>
<!-- Generated by org.testng.reporters.JUnitXMLReporter -->
<testsuite ignored="0" hostname="CDWILT004" failures="0" tests="5" name="Authentication Test" time="48.847" errors="0" timestamp="2022-09-19T16:48:07 SGT">
  <testcase classname="webAuthentication.FrontEndAuthentication" name="toSite" time="1.759"/>
  <testcase classname="webAuthentication.FrontEndAuthentication" name="closeAnnouncement" time="0.051"/>
  <testcase classname="webAuthentication.FrontEndAuthentication" name="login" time="3.93"/>
  <testcase classname="webAuthentication.FrontEndAuthentication" name="logout" time="2.54"/>
  <testcase classname="webAuthentication.FrontEndAuthentication" name="register" time="36.809"/>
</testsuite> <!-- Authentication Test -->
