<?xml version="1.0" encoding="UTF-8"?>
<!-- Generated by org.testng.reporters.JUnitXMLReporter -->
<testsuite ignored="1" hostname="DESKTOP-7UGQK8A" failures="0" tests="4" name="Authentication Test" time="14.569" errors="0" timestamp="2022-09-02T14:49:08 SGT">
  <testcase classname="webAuthentication.FrontEndAuthentication" name="toSite" time="1.858"/>
  <testcase classname="webAuthentication.FrontEndAuthentication" name="closeAnnouncement" time="3.031"/>
  <testcase classname="webAuthentication.FrontEndAuthentication" name="login" time="3.853"/>
  <testcase classname="webAuthentication.FrontEndAuthentication" name="logout" time="2.457"/>
  <testcase classname="webAuthentication.FrontEndAuthentication" name="register" time="0.0">
    <ignored/>
  </testcase> <!-- register -->
</testsuite> <!-- Authentication Test -->
