<?xml version="1.0" encoding="UTF-8"?>
<!-- Generated by org.testng.reporters.JUnitXMLReporter -->
<testsuite ignored="4" hostname="CDWILT004" failures="0" tests="2" name="Authentication" time="8.922" errors="0" timestamp="2022-08-25T14:09:52 SGT">
  <testcase classname="automations_WEB_Authentication.FE_Authentication" name="toSite" time="1.911"/>
  <testcase classname="automations_WEB_Authentication.FE_Authentication" name="closeAnnouncement" time="3.573">
    <skipped/>
  </testcase> <!-- closeAnnouncement -->
  <testcase classname="automations_WEB_Authentication.FE_Authentication" name="login" time="0.0">
    <ignored/>
  </testcase> <!-- login -->
  <testcase classname="automations_WEB_Authentication.FE_Authentication" name="register" time="0.0">
    <ignored/>
  </testcase> <!-- register -->
  <testcase classname="automations_WEB_Authentication.FE_Authentication" name="logout" time="0.0">
    <ignored/>
  </testcase> <!-- logout -->
  <testcase classname="automations_WEB_Authentication.FE_Authentication" name="logoutAfterRegister" time="0.0">
    <ignored/>
  </testcase> <!-- logoutAfterRegister -->
</testsuite> <!-- Authentication -->
