<?xml version="1.0" encoding="UTF-8"?>
<!-- Generated by org.testng.reporters.JUnitXMLReporter -->
<testsuite ignored="1" hostname="CDWILT004" failures="0" tests="4" name="Automation-For-Web-QC Login-Logout-Register" time="23.844" errors="0" timestamp="2022-08-24T14:53:06 SGT">
  <testcase classname="automations_WEB_Authentication.FE_Authentication" name="toSite" time="6.303"/>
  <testcase classname="automations_WEB_Authentication.FE_Authentication" name="closeAnnouncement" time="3.475">
    <skipped/>
  </testcase> <!-- closeAnnouncement -->
  <testcase classname="automations_WEB_Authentication.FE_Authentication" name="login" time="7.209"/>
  <testcase classname="automations_WEB_Authentication.FE_Authentication" name="logout" time="4.277"/>
  <testcase classname="automations_WEB_Authentication.FE_Authentication" name="register" time="0.0">
    <ignored/>
  </testcase> <!-- register -->
</testsuite> <!-- Automation-For-Web-QC Login-Logout-Register -->
