<?xml version="1.0" encoding="UTF-8"?>
<!-- Generated by org.testng.reporters.JUnitXMLReporter -->
<testsuite ignored="0" hostname="CDWILT004" failures="0" tests="5" name="Automation-For-Web-QC Login-Logout" time="17.762" errors="0" timestamp="2022-08-24T12:23:57 SGT">
  <testcase classname="automations_WEB_Authentication.FE_Login" name="toSite" time="2.53"/>
  <testcase classname="automations_WEB_Authentication.FE_Login" name="closeAnnouncement" time="4.464">
    <skipped/>
  </testcase> <!-- closeAnnouncement -->
  <testcase classname="automations_WEB_Authentication.FE_Login" name="login" time="5.987"/>
  <testcase classname="automations_WEB_Authentication.FE_Login" name="closeAnnouncementAfterLogin" time="0.019">
    <skipped/>
  </testcase> <!-- closeAnnouncementAfterLogin -->
  <testcase classname="automations_WEB_Authentication.FE_Logout" name="logout" time="3.541"/>
</testsuite> <!-- Automation-For-Web-QC Login-Logout -->
