<?xml version="1.0" encoding="UTF-8"?>
<!-- Generated by org.testng.reporters.JUnitXMLReporter -->
<testsuite ignored="1" hostname="CDWILT004" failures="0" tests="6" name="Offline_Deposit" time="26.062" errors="0" timestamp="2022-08-24T15:23:45 SGT">
  <testcase classname="automation_WEB_Deposit.FE_OfflineDeposit" name="toSite" time="7.272"/>
  <testcase classname="automation_WEB_Deposit.FE_OfflineDeposit" name="closeAnnouncement" time="3.515">
    <skipped/>
  </testcase> <!-- closeAnnouncement -->
  <testcase classname="automation_WEB_Deposit.FE_OfflineDeposit" name="login" time="5.985"/>
  <testcase classname="automation_WEB_Deposit.FE_OfflineDeposit" name="depositPage" time="1.269"/>
  <testcase classname="automation_WEB_Deposit.FE_OfflineDeposit" name="offlineDepositMethods" time="3.874"/>
  <testcase classname="automation_WEB_Deposit.FE_OfflineDeposit" name="confirmOfflineDepositPaid" time="1.252"/>
  <testcase classname="automation_WEB_Deposit.FE_OfflineDeposit" name="cancelOfflineDepositRequest" time="0.0">
    <ignored/>
  </testcase> <!-- cancelOfflineDepositRequest -->
</testsuite> <!-- Offline_Deposit -->
