<?xml version="1.0" encoding="UTF-8"?>
<!-- Generated by org.testng.reporters.JUnitXMLReporter -->
<testsuite ignored="0" hostname="CDWILT004" failures="0" tests="11" name="Automation-For-Web-QC" time="38.606" errors="0" timestamp="2022-08-22T17:02:28 SGT">
  <testcase classname="automations_WEB.FE_Open_Site" name="openBrowserToSite" time="4.815"/>
  <testcase classname="automations_WEB.FE_Login_Site" name="openBrowserToSite" time="2.608"/>
  <testcase classname="automations_WEB.FE_Login_Site" name="selectLoginOption" time="0.083"/>
  <testcase classname="automations_WEB.FE_Login_Site" name="fillInLoginDataAndLogin" time="5.54"/>
  <testcase classname="automations_WEB.FE_Logout_Site" name="openBrowserToSite" time="2.778"/>
  <testcase classname="automations_WEB.FE_Logout_Site" name="selectLoginOption" time="0.079"/>
  <testcase classname="automations_WEB.FE_Logout_Site" name="fillInLoginDataAndLogin" time="3.708"/>
  <testcase classname="automations_WEB.FE_Logout_Site" name="logout" time="3.225"/>
  <testcase classname="automations_WEB.FE_Register_Site" name="openBrowserToSite" time="2.785"/>
  <testcase classname="automations_WEB.FE_Register_Site" name="selectRegisterOptionButton" time="0.079"/>
  <testcase classname="automations_WEB.FE_Register_Site" name="fillInRegisterData" time="8.29"/>
</testsuite> <!-- Automation-For-Web-QC -->
