<?xml version="1.0" encoding="UTF-8"?>
<!-- Generated by org.testng.reporters.JUnitXMLReporter -->
<testsuite ignored="2" hostname="CDWILT004" failures="0" tests="4" name="Automation-For-Web-QC Login-Logout" time="18.367" errors="0" timestamp="2022-08-23T13:46:14 SGT">
  <testcase classname="automations_WEB_Authentication.FE_LoginLogout" name="openBrowserToSite" time="0.736"/>
  <testcase classname="automations_WEB_Authentication.FE_LoginLogout" name="closeAnnouncement" time="4.64">
    <skipped/>
  </testcase> <!-- closeAnnouncement -->
  <testcase classname="automations_WEB_Authentication.FE_LoginLogout" name="login" time="5.34"/>
  <testcase classname="automations_WEB_Authentication.FE_LoginLogout" name="logout" time="3.772"/>
  <testcase classname="automations_WEB_Authentication.FE_Register" name="startNext" time="0.0">
    <ignored/>
  </testcase> <!-- startNext -->
  <testcase classname="automations_WEB_Authentication.FE_Register" name="register" time="0.0">
    <ignored/>
  </testcase> <!-- register -->
</testsuite> <!-- Automation-For-Web-QC Login-Logout -->
