<?xml version="1.0" encoding="UTF-8"?>
<!-- Generated by org.testng.reporters.JUnitXMLReporter -->
<testsuite ignored="3" hostname="CDWILT004" failures="2" tests="2" name="Authentication Test" time="0.091" errors="0" timestamp="2022-08-26T17:04:21 SGT">
  <testcase classname="webAuthentication.FrontEndAuthentication" name="closeAnnouncement" time="0.018">
    <failure type="java.lang.NullPointerException" message="Cannot invoke &amp;quot;com.aventstack.extentreports.ExtentReports.createTest(String)&amp;quot; because &amp;quot;utilities.CreateReport.eR&amp;quot; is null">
      <![CDATA[java.lang.NullPointerException: Cannot invoke "com.aventstack.extentreports.ExtentReports.createTest(String)" because "utilities.CreateReport.eR" is null
at utilities.CreateReport.createTest(CreateReport.java:36)
at webAuthentication.FrontEndAuthentication.closeAnnouncement(FrontEndAuthentication.java:58)
at java.base/java.util.ArrayList.forEach(ArrayList.java:1511)
... Removed 27 stack frames]]>
    </failure>
  </testcase> <!-- closeAnnouncement -->
  <testcase classname="webAuthentication.FrontEndAuthentication" name="register" time="0.002">
    <failure type="java.lang.NullPointerException" message="Cannot invoke &amp;quot;com.aventstack.extentreports.ExtentReports.createTest(String)&amp;quot; because &amp;quot;utilities.CreateReport.eR&amp;quot; is null">
      <![CDATA[java.lang.NullPointerException: Cannot invoke "com.aventstack.extentreports.ExtentReports.createTest(String)" because "utilities.CreateReport.eR" is null
at utilities.CreateReport.createTest(CreateReport.java:36)
at webAuthentication.FrontEndAuthentication.register(FrontEndAuthentication.java:90)
at java.base/java.util.ArrayList.forEach(ArrayList.java:1511)
... Removed 27 stack frames]]>
    </failure>
  </testcase> <!-- register -->
  <testcase classname="webAuthentication.FrontEndAuthentication" name="login" time="0.0">
    <ignored/>
  </testcase> <!-- login -->
  <testcase classname="webAuthentication.FrontEndAuthentication" name="logout" time="0.0">
    <ignored/>
  </testcase> <!-- logout -->
  <testcase classname="webAuthentication.FrontEndAuthentication" name="toSite" time="0.0">
    <ignored/>
  </testcase> <!-- toSite -->
</testsuite> <!-- Authentication Test -->
