<?xml version="1.0" encoding="UTF-8"?>
<testsuite xmlns:xsi="http://www.w3.org/2001/XMLSchema-instance" xsi:noNamespaceSchemaLocation="https://maven.apache.org/surefire/maven-surefire-plugin/xsd/surefire-test-report.xsd" name="TestSuite" time="19.168" tests="4" errors="0" skipped="1" failures="0">
  <properties>
[...]
</properties>
  <testcase name="openBrowserToSite" classname="automations_WEB_Authentication.FE_LoginLogout" time="0.737"/>
  <testcase name="closeAnnouncement" classname="automations_WEB_Authentication.FE_LoginLogout" time="0">
    <skipped message="Announcement Skipped"/>
  </testcase>
  <testcase name="login" classname="automations_WEB_Authentication.FE_LoginLogout" time="5.339"/>
  <testcase name="logout" classname="automations_WEB_Authentication.FE_LoginLogout" time="3.772"/>
</testsuite>