<?xml version="1.0" encoding="UTF-8"?>
<testng-results ignored="2" total="6" passed="3" failed="0" skipped="1">
  <reporter-output>
  </reporter-output>
  <suite started-at="2022-08-23T13:45:56 SGT" name="Suite" finished-at="2022-08-23T13:46:14 SGT" duration-ms="18367">
    <groups>
      <group name="Open_Site">
        <method signature="FE_LoginLogout.openBrowserToSite()[pri:0, instance:automations_WEB_Authentication.FE_LoginLogout@4b5d6a01]" name="openBrowserToSite" class="automations_WEB_Authentication.FE_LoginLogout"/>
        <method signature="FE_LoginLogout.closeAnnouncement()[pri:1, instance:automations_WEB_Authentication.FE_LoginLogout@4b5d6a01]" name="closeAnnouncement" class="automations_WEB_Authentication.FE_LoginLogout"/>
      </group> <!-- Open_Site -->
      <group name="Authentication">
        <method signature="FE_LoginLogout.login()[pri:2, instance:automations_WEB_Authentication.FE_LoginLogout@4b5d6a01]" name="login" class="automations_WEB_Authentication.FE_LoginLogout"/>
        <method signature="FE_LoginLogout.logout()[pri:3, instance:automations_WEB_Authentication.FE_LoginLogout@4b5d6a01]" name="logout" class="automations_WEB_Authentication.FE_LoginLogout"/>
      </group> <!-- Authentication -->
      <group name="Logout">
        <method signature="FE_LoginLogout.logout()[pri:3, instance:automations_WEB_Authentication.FE_LoginLogout@4b5d6a01]" name="logout" class="automations_WEB_Authentication.FE_LoginLogout"/>
      </group> <!-- Logout -->
      <group name="Login">
        <method signature="FE_LoginLogout.login()[pri:2, instance:automations_WEB_Authentication.FE_LoginLogout@4b5d6a01]" name="login" class="automations_WEB_Authentication.FE_LoginLogout"/>
      </group> <!-- Login -->
    </groups>
    <test started-at="2022-08-23T13:45:56 SGT" name="Automation-For-Web-QC Login-Logout" finished-at="2022-08-23T13:46:14 SGT" duration-ms="18367">
      <class name="automations_WEB_Authentication.FE_Register">
        <test-method is-config="true" signature="shutDownAll()[pri:0, instance:automations_WEB_Authentication.FE_Register@70e8f8e]" started-at="2022-08-23T13:46:14 SGT" name="shutDownAll" finished-at="2022-08-23T13:46:15 SGT" duration-ms="212" status="PASS">
          <reporter-output>
          </reporter-output>
        </test-method> <!-- shutDownAll -->
      </class> <!-- automations_WEB_Authentication.FE_Register -->
      <class name="automations_WEB_Authentication.FE_LoginLogout">
        <test-method is-config="true" signature="startUp()[pri:0, instance:automations_WEB_Authentication.FE_LoginLogout@4b5d6a01]" started-at="2022-08-23T13:45:56 SGT" name="startUp" finished-at="2022-08-23T13:45:59 SGT" duration-ms="2970" status="PASS">
          <reporter-output>
          </reporter-output>
        </test-method> <!-- startUp -->
        <test-method signature="openBrowserToSite()[pri:0, instance:automations_WEB_Authentication.FE_LoginLogout@4b5d6a01]" started-at="2022-08-23T13:45:59 SGT" name="openBrowserToSite" finished-at="2022-08-23T13:46:00 SGT" duration-ms="736" status="PASS">
          <reporter-output>
          </reporter-output>
        </test-method> <!-- openBrowserToSite -->
        <test-method is-config="true" signature="logCaseStatus(org.testng.ITestResult)[pri:0, instance:automations_WEB_Authentication.FE_LoginLogout@4b5d6a01]" started-at="2022-08-23T13:46:00 SGT" name="logCaseStatus" finished-at="2022-08-23T13:46:00 SGT" duration-ms="3" status="PASS">
          <params>
            <param index="0">
              <value>
                <![CDATA[[TestResult name=openBrowserToSite status=SUCCESS method=FE_LoginLogout.openBrowserToSite()[pri:0, instance:automations_WEB_Authentication.FE_LoginLogout@4b5d6a01] output={null}]]]>
              </value>
            </param>
          </params>
          <reporter-output>
          </reporter-output>
        </test-method> <!-- logCaseStatus -->
        <test-method signature="closeAnnouncement()[pri:1, instance:automations_WEB_Authentication.FE_LoginLogout@4b5d6a01]" started-at="2022-08-23T13:46:00 SGT" name="closeAnnouncement" finished-at="2022-08-23T13:46:04 SGT" duration-ms="4640" status="SKIP">
          <exception class="org.testng.SkipException">
            <message>
              <![CDATA[Announcement Skipped]]>
            </message>
            <full-stacktrace>
              <![CDATA[org.testng.SkipException: Announcement Skipped
at functions_WEB.Announcement_Function.selectDoNotShowAgainTodayCheckBox(Announcement_Function.java:47)
at automations_WEB_Authentication.FE_LoginLogout.closeAnnouncement(FE_LoginLogout.java:57)
at java.base/jdk.internal.reflect.NativeMethodAccessorImpl.invoke0(Native Method)
at java.base/jdk.internal.reflect.NativeMethodAccessorImpl.invoke(NativeMethodAccessorImpl.java:77)
at java.base/jdk.internal.reflect.DelegatingMethodAccessorImpl.invoke(DelegatingMethodAccessorImpl.java:43)
at java.base/java.lang.reflect.Method.invoke(Method.java:568)
at org.testng.internal.invokers.MethodInvocationHelper.invokeMethod(MethodInvocationHelper.java:139)
at org.testng.internal.invokers.TestInvoker.invokeMethod(TestInvoker.java:677)
at org.testng.internal.invokers.TestInvoker.invokeTestMethod(TestInvoker.java:221)
at org.testng.internal.invokers.MethodRunner.runInSequence(MethodRunner.java:50)
at org.testng.internal.invokers.TestInvoker$MethodInvocationAgent.invoke(TestInvoker.java:962)
at org.testng.internal.invokers.TestInvoker.invokeTestMethods(TestInvoker.java:194)
at org.testng.internal.invokers.TestMethodWorker.invokeTestMethods(TestMethodWorker.java:148)
at org.testng.internal.invokers.TestMethodWorker.run(TestMethodWorker.java:128)
at java.base/java.util.ArrayList.forEach(ArrayList.java:1511)
at org.testng.TestRunner.privateRun(TestRunner.java:806)
at org.testng.TestRunner.run(TestRunner.java:601)
at org.testng.SuiteRunner.runTest(SuiteRunner.java:433)
at org.testng.SuiteRunner$SuiteWorker.run(SuiteRunner.java:471)
at org.testng.internal.thread.ThreadUtil.lambda$execute$0(ThreadUtil.java:58)
at java.base/java.util.concurrent.FutureTask.run(FutureTask.java:264)
at java.base/java.util.concurrent.ThreadPoolExecutor.runWorker(ThreadPoolExecutor.java:1136)
at java.base/java.util.concurrent.ThreadPoolExecutor$Worker.run(ThreadPoolExecutor.java:635)
at java.base/java.lang.Thread.run(Thread.java:833)
]]>
            </full-stacktrace>
          </exception> <!-- org.testng.SkipException -->
          <reporter-output>
          </reporter-output>
        </test-method> <!-- closeAnnouncement -->
        <test-method is-config="true" signature="logCaseStatus(org.testng.ITestResult)[pri:0, instance:automations_WEB_Authentication.FE_LoginLogout@4b5d6a01]" started-at="2022-08-23T13:46:04 SGT" name="logCaseStatus" finished-at="2022-08-23T13:46:04 SGT" duration-ms="1" status="PASS">
          <params>
            <param index="0">
              <value>
                <![CDATA[[TestResult name=closeAnnouncement status=SKIP method=FE_LoginLogout.closeAnnouncement()[pri:1, instance:automations_WEB_Authentication.FE_LoginLogout@4b5d6a01] output={null}]]]>
              </value>
            </param>
          </params>
          <reporter-output>
          </reporter-output>
        </test-method> <!-- logCaseStatus -->
        <test-method signature="login()[pri:2, instance:automations_WEB_Authentication.FE_LoginLogout@4b5d6a01]" started-at="2022-08-23T13:46:04 SGT" name="login" finished-at="2022-08-23T13:46:10 SGT" duration-ms="5340" status="PASS">
          <reporter-output>
          </reporter-output>
        </test-method> <!-- login -->
        <test-method is-config="true" signature="logCaseStatus(org.testng.ITestResult)[pri:0, instance:automations_WEB_Authentication.FE_LoginLogout@4b5d6a01]" started-at="2022-08-23T13:46:10 SGT" name="logCaseStatus" finished-at="2022-08-23T13:46:10 SGT" duration-ms="0" status="PASS">
          <params>
            <param index="0">
              <value>
                <![CDATA[[TestResult name=login status=SUCCESS method=FE_LoginLogout.login()[pri:2, instance:automations_WEB_Authentication.FE_LoginLogout@4b5d6a01] output={null}]]]>
              </value>
            </param>
          </params>
          <reporter-output>
          </reporter-output>
        </test-method> <!-- logCaseStatus -->
        <test-method signature="logout()[pri:3, instance:automations_WEB_Authentication.FE_LoginLogout@4b5d6a01]" started-at="2022-08-23T13:46:10 SGT" name="logout" finished-at="2022-08-23T13:46:14 SGT" duration-ms="3772" status="PASS">
          <reporter-output>
          </reporter-output>
        </test-method> <!-- logout -->
        <test-method is-config="true" signature="logCaseStatus(org.testng.ITestResult)[pri:0, instance:automations_WEB_Authentication.FE_LoginLogout@4b5d6a01]" started-at="2022-08-23T13:46:14 SGT" name="logCaseStatus" finished-at="2022-08-23T13:46:14 SGT" duration-ms="1" status="PASS">
          <params>
            <param index="0">
              <value>
                <![CDATA[[TestResult name=logout status=SUCCESS method=FE_LoginLogout.logout()[pri:3, instance:automations_WEB_Authentication.FE_LoginLogout@4b5d6a01] output={null}]]]>
              </value>
            </param>
          </params>
          <reporter-output>
          </reporter-output>
        </test-method> <!-- logCaseStatus -->
        <test-method is-config="true" signature="shutDown()[pri:0, instance:automations_WEB_Authentication.FE_LoginLogout@4b5d6a01]" started-at="2022-08-23T13:46:14 SGT" name="shutDown" finished-at="2022-08-23T13:46:14 SGT" duration-ms="861" status="PASS">
          <reporter-output>
          </reporter-output>
        </test-method> <!-- shutDown -->
      </class> <!-- automations_WEB_Authentication.FE_LoginLogout -->
    </test> <!-- Automation-For-Web-QC Login-Logout -->
  </suite> <!-- Suite -->
</testng-results>
