<?xml version="1.0" encoding="UTF-8"?>
<!-- Generated by org.testng.reporters.JUnitXMLReporter -->
<testsuite ignored="0" hostname="CDWILT004" failures="0" tests="5" name="Automation-For-Web-QC Login-Logout" time="19.245" errors="0" timestamp="2022-08-24T12:19:31 SGT">
  <testcase classname="automations_WEB_Authentication.FE_Login" name="toSite" time="3.81"/>
  <testcase classname="automations_WEB_Authentication.FE_Login" name="closeAnnouncement" time="4.459">
    <skipped/>
  </testcase> <!-- closeAnnouncement -->
  <testcase classname="automations_WEB_Authentication.FE_Login" name="login" time="5.847"/>
  <testcase classname="automations_WEB_Authentication.FE_Login" name="closeAnnouncementAfterLogin" time="0.012">
    <skipped/>
  </testcase> <!-- closeAnnouncementAfterLogin -->
  <testcase classname="automations_WEB_Authentication.FE_Logout" name="logout" time="3.75"/>
</testsuite> <!-- Automation-For-Web-QC Login-Logout -->
