<?xml version="1.0" encoding="UTF-8"?>
<!-- Generated by org.testng.reporters.JUnitXMLReporter -->
<testsuite ignored="2" hostname="CDWILT004" failures="0" tests="0" time="0.001" errors="0" timestamp="2022-08-24T12:19:31 SGT">
  <testcase classname="automations_WEB_Authentication.FE_Register" name="closeAnnouncement" time="0.0">
    <ignored/>
  </testcase> <!-- closeAnnouncement -->
  <testcase classname="automations_WEB_Authentication.FE_Register" name="register" time="0.0">
    <ignored/>
  </testcase> <!-- register -->
</testsuite>
