<?xml version="1.0" encoding="UTF-8"?>
<!-- Generated by org.testng.reporters.JUnitXMLReporter -->
<testsuite ignored="1" hostname="CDWILT004" failures="0" tests="4" name="Test" time="19.32" errors="0" timestamp="2022-08-24T15:19:17 SGT">
  <testcase classname="automations_WEB_Authentication.FE_Authentication" name="toSite" time="2.353"/>
  <testcase classname="automations_WEB_Authentication.FE_Authentication" name="closeAnnouncement" time="3.521">
    <skipped/>
  </testcase> <!-- closeAnnouncement -->
  <testcase classname="automations_WEB_Authentication.FE_Authentication" name="login" time="6.719"/>
  <testcase classname="automations_WEB_Authentication.FE_Authentication" name="logout" time="4.131"/>
  <testcase classname="automations_WEB_Authentication.FE_Authentication" name="register" time="0.0">
    <ignored/>
  </testcase> <!-- register -->
</testsuite> <!-- Test -->
