<?xml version="1.0" encoding="UTF-8"?>
<testng-results ignored="0" total="5" passed="5" failed="0" skipped="0">
  <reporter-output>
  </reporter-output>
  <suite started-at="2022-09-20T11:23:34 SGT" name="Suite-AuthenticationTest" finished-at="2022-09-20T11:23:46 SGT" duration-ms="11930">
    <groups>
      <group name="deposit">
        <method signature="FEOfflineDeposit.offlineDepositMethods(java.lang.String,java.lang.String,int,java.lang.String,java.lang.String)[pri:4, instance:webOfflineDeposit.FEOfflineDeposit@333291e3]" name="offlineDepositMethods" class="webOfflineDeposit.FEOfflineDeposit"/>
        <method signature="FEOfflineDeposit.toDepositPage(java.lang.String)[pri:3, instance:webOfflineDeposit.FEOfflineDeposit@333291e3]" name="toDepositPage" class="webOfflineDeposit.FEOfflineDeposit"/>
      </group> <!-- deposit -->
      <group name="login">
        <method signature="FEOfflineDeposit.login(java.lang.String)[pri:2, instance:webOfflineDeposit.FEOfflineDeposit@333291e3]" name="login" class="webOfflineDeposit.FEOfflineDeposit"/>
      </group> <!-- login -->
    </groups>
    <test started-at="2022-09-20T11:23:34 SGT" name="AuthenticationTest" finished-at="2022-09-20T11:23:46 SGT" duration-ms="11930">
      <class name="webOfflineDeposit.FEOfflineDeposit">
        <test-method is-config="true" signature="startReportAndSetProperty(java.lang.String,java.lang.String,java.lang.String,java.lang.String)[pri:0, instance:webOfflineDeposit.FEOfflineDeposit@333291e3]" started-at="2022-09-20T11:23:34 SGT" name="startReportAndSetProperty" finished-at="2022-09-20T11:23:36 SGT" duration-ms="1487" status="PASS">
          <params>
            <param index="0">
              <value>
                <![CDATA[Web]]>
              </value>
            </param>
            <param index="1">
              <value>
                <![CDATA[Chrome]]>
              </value>
            </param>
            <param index="2">
              <value>
                <![CDATA[JDK/JSE 17]]>
              </value>
            </param>
            <param index="3">
              <value>
                <![CDATA[Jordan]]>
              </value>
            </param>
          </params>
          <reporter-output>
          </reporter-output>
        </test-method> <!-- startReportAndSetProperty -->
        <test-method signature="toSite(java.lang.String)[pri:0, instance:webOfflineDeposit.FEOfflineDeposit@333291e3]" started-at="2022-09-20T11:23:36 SGT" name="toSite" finished-at="2022-09-20T11:23:37 SGT" duration-ms="1648" status="PASS">
          <params>
            <param index="0">
              <value>
                <![CDATA[https://wltestmembersite.the777888.com]]>
              </value>
            </param>
          </params>
          <reporter-output>
          </reporter-output>
        </test-method> <!-- toSite -->
        <test-method is-config="true" signature="logCaseStatus(org.testng.ITestResult)[pri:0, instance:webOfflineDeposit.FEOfflineDeposit@333291e3]" started-at="2022-09-20T11:23:37 SGT" name="logCaseStatus" finished-at="2022-09-20T11:23:37 SGT" duration-ms="8" status="PASS">
          <params>
            <param index="0">
              <value>
                <![CDATA[[TestResult name=toSite status=SUCCESS method=FEOfflineDeposit.toSite(java.lang.String)[pri:0, instance:webOfflineDeposit.FEOfflineDeposit@333291e3] output={null}]]]>
              </value>
            </param>
          </params>
          <reporter-output>
          </reporter-output>
        </test-method> <!-- logCaseStatus -->
        <test-method signature="closeAnnouncement()[pri:1, instance:webOfflineDeposit.FEOfflineDeposit@333291e3]" started-at="2022-09-20T11:23:37 SGT" name="closeAnnouncement" finished-at="2022-09-20T11:23:37 SGT" duration-ms="46" status="PASS">
          <reporter-output>
          </reporter-output>
        </test-method> <!-- closeAnnouncement -->
        <test-method is-config="true" signature="logCaseStatus(org.testng.ITestResult)[pri:0, instance:webOfflineDeposit.FEOfflineDeposit@333291e3]" started-at="2022-09-20T11:23:37 SGT" name="logCaseStatus" finished-at="2022-09-20T11:23:37 SGT" duration-ms="0" status="PASS">
          <params>
            <param index="0">
              <value>
                <![CDATA[[TestResult name=closeAnnouncement status=SUCCESS method=FEOfflineDeposit.closeAnnouncement()[pri:1, instance:webOfflineDeposit.FEOfflineDeposit@333291e3] output={null}]]]>
              </value>
            </param>
          </params>
          <reporter-output>
          </reporter-output>
        </test-method> <!-- logCaseStatus -->
        <test-method signature="login(java.lang.String)[pri:2, instance:webOfflineDeposit.FEOfflineDeposit@333291e3]" started-at="2022-09-20T11:23:37 SGT" name="login" finished-at="2022-09-20T11:23:41 SGT" duration-ms="3360" status="PASS">
          <params>
            <param index="0">
              <value>
                <![CDATA[qctestergame001]]>
              </value>
            </param>
          </params>
          <reporter-output>
          </reporter-output>
        </test-method> <!-- login -->
        <test-method is-config="true" signature="logCaseStatus(org.testng.ITestResult)[pri:0, instance:webOfflineDeposit.FEOfflineDeposit@333291e3]" started-at="2022-09-20T11:23:41 SGT" name="logCaseStatus" finished-at="2022-09-20T11:23:41 SGT" duration-ms="0" status="PASS">
          <params>
            <param index="0">
              <value>
                <![CDATA[[TestResult name=login status=SUCCESS method=FEOfflineDeposit.login(java.lang.String)[pri:2, instance:webOfflineDeposit.FEOfflineDeposit@333291e3] output={null}]]]>
              </value>
            </param>
          </params>
          <reporter-output>
          </reporter-output>
        </test-method> <!-- logCaseStatus -->
        <test-method signature="toDepositPage(java.lang.String)[pri:3, instance:webOfflineDeposit.FEOfflineDeposit@333291e3]" started-at="2022-09-20T11:23:41 SGT" name="toDepositPage" finished-at="2022-09-20T11:23:42 SGT" duration-ms="1528" status="PASS">
          <params>
            <param index="0">
              <value>
                <![CDATA[qctestergame001]]>
              </value>
            </param>
          </params>
          <reporter-output>
          </reporter-output>
        </test-method> <!-- toDepositPage -->
        <test-method is-config="true" signature="logCaseStatus(org.testng.ITestResult)[pri:0, instance:webOfflineDeposit.FEOfflineDeposit@333291e3]" started-at="2022-09-20T11:23:42 SGT" name="logCaseStatus" finished-at="2022-09-20T11:23:42 SGT" duration-ms="1" status="PASS">
          <params>
            <param index="0">
              <value>
                <![CDATA[[TestResult name=toDepositPage status=SUCCESS method=FEOfflineDeposit.toDepositPage(java.lang.String)[pri:3, instance:webOfflineDeposit.FEOfflineDeposit@333291e3] output={null}]]]>
              </value>
            </param>
          </params>
          <reporter-output>
          </reporter-output>
        </test-method> <!-- logCaseStatus -->
        <test-method signature="offlineDepositMethods(java.lang.String,java.lang.String,int,java.lang.String,java.lang.String)[pri:4, instance:webOfflineDeposit.FEOfflineDeposit@333291e3]" started-at="2022-09-20T11:23:42 SGT" name="offlineDepositMethods" finished-at="2022-09-20T11:23:44 SGT" duration-ms="2238" status="PASS">
          <params>
            <param index="0">
              <value>
                <![CDATA[公司入款]]>
              </value>
            </param>
            <param index="1">
              <value>
                <![CDATA[银行转账]]>
              </value>
            </param>
            <param index="2">
              <value>
                <![CDATA[123]]>
              </value>
            </param>
            <param index="3">
              <value>
                <![CDATA[测试]]>
              </value>
            </param>
            <param index="4">
              <value>
                <![CDATA[true]]>
              </value>
            </param>
          </params>
          <reporter-output>
          </reporter-output>
        </test-method> <!-- offlineDepositMethods -->
        <test-method is-config="true" signature="logCaseStatus(org.testng.ITestResult)[pri:0, instance:webOfflineDeposit.FEOfflineDeposit@333291e3]" started-at="2022-09-20T11:23:44 SGT" name="logCaseStatus" finished-at="2022-09-20T11:23:44 SGT" duration-ms="1" status="PASS">
          <params>
            <param index="0">
              <value>
                <![CDATA[[TestResult name=offlineDepositMethods status=SUCCESS method=FEOfflineDeposit.offlineDepositMethods(java.lang.String,java.lang.String,int,java.lang.String,java.lang.String)[pri:4, instance:webOfflineDeposit.FEOfflineDeposit@333291e3] output={null}]]]>
              </value>
            </param>
          </params>
          <reporter-output>
          </reporter-output>
        </test-method> <!-- logCaseStatus -->
        <test-method is-config="true" signature="shutDown()[pri:0, instance:webOfflineDeposit.FEOfflineDeposit@333291e3]" started-at="2022-09-20T11:23:44 SGT" name="shutDown" finished-at="2022-09-20T11:23:46 SGT" duration-ms="1575" status="PASS">
          <reporter-output>
          </reporter-output>
        </test-method> <!-- shutDown -->
      </class> <!-- webOfflineDeposit.FEOfflineDeposit -->
    </test> <!-- AuthenticationTest -->
  </suite> <!-- Suite-AuthenticationTest -->
  <suite started-at="2022-09-20T11:23:46 SGT" name="SuiteMaster" finished-at="2022-09-20T11:23:46 SGT" duration-ms="0">
    <groups>
    </groups>
  </suite> <!-- SuiteMaster -->
</testng-results>
